28-Feb-2024 18:18:12.102 INFO [main] org.apache.catalina.startup.VersionLoggerListener.log Server version name:   Apache Tomcat/9.0.82
28-Feb-2024 18:18:12.112 INFO [main] org.apache.catalina.startup.VersionLoggerListener.log Server built:          Oct 11 2023 13:15:08 UTC
28-Feb-2024 18:18:12.113 INFO [main] org.apache.catalina.startup.VersionLoggerListener.log Server version number: 9.0.82.0
28-Feb-2024 18:18:12.113 INFO [main] org.apache.catalina.startup.VersionLoggerListener.log OS Name:               Windows 10
28-Feb-2024 18:18:12.113 INFO [main] org.apache.catalina.startup.VersionLoggerListener.log OS Version:            10.0
28-Feb-2024 18:18:12.114 INFO [main] org.apache.catalina.startup.VersionLoggerListener.log Architecture:          amd64
28-Feb-2024 18:18:12.114 INFO [main] org.apache.catalina.startup.VersionLoggerListener.log Java Home:             C:\Program Files\Java\jdk-17
28-Feb-2024 18:18:12.114 INFO [main] org.apache.catalina.startup.VersionLoggerListener.log JVM Version:           17.0.10+11-LTS-240
28-Feb-2024 18:18:12.114 INFO [main] org.apache.catalina.startup.VersionLoggerListener.log JVM Vendor:            Oracle Corporation
28-Feb-2024 18:18:12.115 INFO [main] org.apache.catalina.startup.VersionLoggerListener.log CATALINA_BASE:         C:\apache-tomcat-9.0.82
28-Feb-2024 18:18:12.115 INFO [main] org.apache.catalina.startup.VersionLoggerListener.log CATALINA_HOME:         C:\apache-tomcat-9.0.82
28-Feb-2024 18:18:12.141 INFO [main] org.apache.catalina.startup.VersionLoggerListener.log Command line argument: --add-opens=java.base/java.lang=ALL-UNNAMED
28-Feb-2024 18:18:12.142 INFO [main] org.apache.catalina.startup.VersionLoggerListener.log Command line argument: --add-opens=java.base/java.io=ALL-UNNAMED
28-Feb-2024 18:18:12.142 INFO [main] org.apache.catalina.startup.VersionLoggerListener.log Command line argument: --add-opens=java.base/java.util=ALL-UNNAMED
28-Feb-2024 18:18:12.142 INFO [main] org.apache.catalina.startup.VersionLoggerListener.log Command line argument: --add-opens=java.base/java.util.concurrent=ALL-UNNAMED
28-Feb-2024 18:18:12.142 INFO [main] org.apache.catalina.startup.VersionLoggerListener.log Command line argument: --add-opens=java.rmi/sun.rmi.transport=ALL-UNNAMED
28-Feb-2024 18:18:12.143 INFO [main] org.apache.catalina.startup.VersionLoggerListener.log Command line argument: -Djava.util.logging.config.file=C:\apache-tomcat-9.0.82\conf\logging.properties
28-Feb-2024 18:18:12.143 INFO [main] org.apache.catalina.startup.VersionLoggerListener.log Command line argument: -Djava.util.logging.manager=org.apache.juli.ClassLoaderLogManager
28-Feb-2024 18:18:12.144 INFO [main] org.apache.catalina.startup.VersionLoggerListener.log Command line argument: -Djdk.tls.ephemeralDHKeySize=2048
28-Feb-2024 18:18:12.145 INFO [main] org.apache.catalina.startup.VersionLoggerListener.log Command line argument: -Djava.protocol.handler.pkgs=org.apache.catalina.webresources
28-Feb-2024 18:18:12.145 INFO [main] org.apache.catalina.startup.VersionLoggerListener.log Command line argument: -Dignore.endorsed.dirs=
28-Feb-2024 18:18:12.145 INFO [main] org.apache.catalina.startup.VersionLoggerListener.log Command line argument: -Dcatalina.base=C:\apache-tomcat-9.0.82
28-Feb-2024 18:18:12.145 INFO [main] org.apache.catalina.startup.VersionLoggerListener.log Command line argument: -Dcatalina.home=C:\apache-tomcat-9.0.82
28-Feb-2024 18:18:12.146 INFO [main] org.apache.catalina.startup.VersionLoggerListener.log Command line argument: -Djava.io.tmpdir=C:\apache-tomcat-9.0.82\temp
28-Feb-2024 18:18:12.167 INFO [main] org.apache.catalina.core.AprLifecycleListener.lifecycleEvent The Apache Tomcat Native library which allows using OpenSSL was not found on the java.library.path: [C:\Program Files\Java\jdk-17\bin;C:\WINDOWS\Sun\Java\bin;C:\WINDOWS\system32;C:\WINDOWS;C:\Program Files\Common Files\Oracle\Java\javapath;C:\WINDOWS\system32;C:\WINDOWS;C:\WINDOWS\System32\Wbem;C:\WINDOWS\System32\WindowsPowerShell\v1.0\;C:\WINDOWS\System32\OpenSSH\;C:\Program Files\Java\jdk-20\bin;C:\Users\Admin\Downloads\apache-tomcat-9.0.71\bin;C:\Program Files\Git\cmd;C:\Program Files\Git\mingw64\bin;C:\Program Files\Git\usr\bin;C:\Program Files\nodejs\;C:\Users\Admin\AppData\Local\Programs\Python\Python310\Scripts\;C:\Users\Admin\AppData\Local\Programs\Python\Python310\;C:\Program Files\Java\jdk-17\bin;C:\Program Files\MySQL\MySQL Shell 8.0\bin\;C:\Users\Admin\AppData\Local\Microsoft\WindowsApps;C:\Users\Admin\AppData\Local\Programs\Microsoft VS Code\bin;C:\MinGW\bin;C:\Users\Admin\AppData\Roaming\npm;;.]
28-Feb-2024 18:18:13.238 INFO [main] org.apache.coyote.AbstractProtocol.init Initializing ProtocolHandler ["http-nio-8080"]
28-Feb-2024 18:18:13.474 INFO [main] org.apache.catalina.startup.Catalina.load Server initialization in [2051] milliseconds
28-Feb-2024 18:18:13.791 INFO [main] org.apache.catalina.core.StandardService.startInternal Starting service [Catalina]
28-Feb-2024 18:18:13.791 INFO [main] org.apache.catalina.core.StandardEngine.startInternal Starting Servlet engine: [Apache Tomcat/9.0.82]
28-Feb-2024 18:18:13.813 INFO [main] org.apache.catalina.startup.HostConfig.deployDescriptor Deploying deployment descriptor [C:\apache-tomcat-9.0.82\conf\Catalina\localhost\OBBMS.xml]
28-Feb-2024 18:18:13.921 WARNING [main] org.apache.catalina.startup.HostConfig.deployDescriptor The path attribute with value [/OBBMS] in deployment descriptor [C:\apache-tomcat-9.0.82\conf\Catalina\localhost\OBBMS.xml] has been ignored
28-Feb-2024 18:18:14.068 SEVERE [main] org.apache.catalina.startup.HostConfig.deployDescriptor Error deploying deployment descriptor [C:\apache-tomcat-9.0.82\conf\Catalina\localhost\OBBMS.xml]
	java.lang.IllegalStateException: Error starting child
		at org.apache.catalina.core.ContainerBase.addChildInternal(ContainerBase.java:686)
		at org.apache.catalina.core.ContainerBase.addChild(ContainerBase.java:658)
		at org.apache.catalina.core.StandardHost.addChild(StandardHost.java:661)
		at org.apache.catalina.startup.HostConfig.deployDescriptor(HostConfig.java:689)
		at org.apache.catalina.startup.HostConfig$DeployDescriptor.run(HostConfig.java:1888)
		at java.base/java.util.concurrent.Executors$RunnableAdapter.call(Executors.java:539)
		at java.base/java.util.concurrent.FutureTask.run(FutureTask.java:264)
		at org.apache.tomcat.util.threads.InlineExecutorService.execute(InlineExecutorService.java:75)
		at java.base/java.util.concurrent.AbstractExecutorService.submit(AbstractExecutorService.java:123)
		at org.apache.catalina.startup.HostConfig.deployDescriptors(HostConfig.java:582)
		at org.apache.catalina.startup.HostConfig.deployApps(HostConfig.java:472)
		at org.apache.catalina.startup.HostConfig.start(HostConfig.java:1617)
		at org.apache.catalina.startup.HostConfig.lifecycleEvent(HostConfig.java:318)
		at org.apache.catalina.util.LifecycleBase.fireLifecycleEvent(LifecycleBase.java:114)
		at org.apache.catalina.util.LifecycleBase.setStateInternal(LifecycleBase.java:402)
		at org.apache.catalina.util.LifecycleBase.setState(LifecycleBase.java:345)
		at org.apache.catalina.core.ContainerBase.startInternal(ContainerBase.java:893)
		at org.apache.catalina.core.StandardHost.startInternal(StandardHost.java:794)
		at org.apache.catalina.util.LifecycleBase.start(LifecycleBase.java:171)
		at org.apache.catalina.core.ContainerBase$StartChild.call(ContainerBase.java:1332)
		at org.apache.catalina.core.ContainerBase$StartChild.call(ContainerBase.java:1322)
		at java.base/java.util.concurrent.FutureTask.run(FutureTask.java:264)
		at org.apache.tomcat.util.threads.InlineExecutorService.execute(InlineExecutorService.java:75)
		at java.base/java.util.concurrent.AbstractExecutorService.submit(AbstractExecutorService.java:145)
		at org.apache.catalina.core.ContainerBase.startInternal(ContainerBase.java:866)
		at org.apache.catalina.core.StandardEngine.startInternal(StandardEngine.java:248)
		at org.apache.catalina.util.LifecycleBase.start(LifecycleBase.java:171)
		at org.apache.catalina.core.StandardService.startInternal(StandardService.java:433)
		at org.apache.catalina.util.LifecycleBase.start(LifecycleBase.java:171)
		at org.apache.catalina.core.StandardServer.startInternal(StandardServer.java:921)
		at org.apache.catalina.util.LifecycleBase.start(LifecycleBase.java:171)
		at org.apache.catalina.startup.Catalina.start(Catalina.java:772)
		at java.base/jdk.internal.reflect.NativeMethodAccessorImpl.invoke0(Native Method)
		at java.base/jdk.internal.reflect.NativeMethodAccessorImpl.invoke(NativeMethodAccessorImpl.java:77)
		at java.base/jdk.internal.reflect.DelegatingMethodAccessorImpl.invoke(DelegatingMethodAccessorImpl.java:43)
		at java.base/java.lang.reflect.Method.invoke(Method.java:568)
		at org.apache.catalina.startup.Bootstrap.start(Bootstrap.java:347)
		at org.apache.catalina.startup.Bootstrap.main(Bootstrap.java:478)
	Caused by: org.apache.catalina.LifecycleException: Failed to start component [org.apache.catalina.webresources.StandardRoot@238d68ff]
		at org.apache.catalina.util.LifecycleBase.handleSubClassException(LifecycleBase.java:419)
		at org.apache.catalina.util.LifecycleBase.start(LifecycleBase.java:186)
		at org.apache.catalina.core.StandardContext.resourcesStart(StandardContext.java:4575)
		at org.apache.catalina.core.StandardContext.startInternal(StandardContext.java:4708)
		at org.apache.catalina.util.LifecycleBase.start(LifecycleBase.java:171)
		at org.apache.catalina.core.ContainerBase.addChildInternal(ContainerBase.java:683)
		... 37 more
	Caused by: java.lang.IllegalArgumentException: The main resource set specified [C:\Users\Admin\Desktop\Project\OBBMS\OBBMS\build\web] is not a directory or war file, or is not readable (it does not exist or permissions to access it are missing)
		at org.apache.catalina.webresources.StandardRoot.createMainResourceSet(StandardRoot.java:749)
		at org.apache.catalina.webresources.StandardRoot.startInternal(StandardRoot.java:707)
		at org.apache.catalina.util.LifecycleBase.start(LifecycleBase.java:171)
		... 41 more
28-Feb-2024 18:18:14.098 INFO [main] org.apache.catalina.startup.HostConfig.deployDescriptor Deployment of deployment descriptor [C:\apache-tomcat-9.0.82\conf\Catalina\localhost\OBBMS.xml] has finished in [285] ms
28-Feb-2024 18:18:14.099 INFO [main] org.apache.catalina.startup.HostConfig.deployDescriptor Deploying deployment descriptor [C:\apache-tomcat-9.0.82\conf\Catalina\localhost\OBBMS1.xml]
28-Feb-2024 18:18:14.109 WARNING [main] org.apache.catalina.startup.HostConfig.deployDescriptor The path attribute with value [/OBBMS1] in deployment descriptor [C:\apache-tomcat-9.0.82\conf\Catalina\localhost\OBBMS1.xml] has been ignored
28-Feb-2024 18:18:14.129 SEVERE [main] org.apache.catalina.startup.HostConfig.deployDescriptor Error deploying deployment descriptor [C:\apache-tomcat-9.0.82\conf\Catalina\localhost\OBBMS1.xml]
	java.lang.IllegalStateException: Error starting child
		at org.apache.catalina.core.ContainerBase.addChildInternal(ContainerBase.java:686)
		at org.apache.catalina.core.ContainerBase.addChild(ContainerBase.java:658)
		at org.apache.catalina.core.StandardHost.addChild(StandardHost.java:661)
		at org.apache.catalina.startup.HostConfig.deployDescriptor(HostConfig.java:689)
		at org.apache.catalina.startup.HostConfig$DeployDescriptor.run(HostConfig.java:1888)
		at java.base/java.util.concurrent.Executors$RunnableAdapter.call(Executors.java:539)
		at java.base/java.util.concurrent.FutureTask.run(FutureTask.java:264)
		at org.apache.tomcat.util.threads.InlineExecutorService.execute(InlineExecutorService.java:75)
		at java.base/java.util.concurrent.AbstractExecutorService.submit(AbstractExecutorService.java:123)
		at org.apache.catalina.startup.HostConfig.deployDescriptors(HostConfig.java:582)
		at org.apache.catalina.startup.HostConfig.deployApps(HostConfig.java:472)
		at org.apache.catalina.startup.HostConfig.start(HostConfig.java:1617)
		at org.apache.catalina.startup.HostConfig.lifecycleEvent(HostConfig.java:318)
		at org.apache.catalina.util.LifecycleBase.fireLifecycleEvent(LifecycleBase.java:114)
		at org.apache.catalina.util.LifecycleBase.setStateInternal(LifecycleBase.java:402)
		at org.apache.catalina.util.LifecycleBase.setState(LifecycleBase.java:345)
		at org.apache.catalina.core.ContainerBase.startInternal(ContainerBase.java:893)
		at org.apache.catalina.core.StandardHost.startInternal(StandardHost.java:794)
		at org.apache.catalina.util.LifecycleBase.start(LifecycleBase.java:171)
		at org.apache.catalina.core.ContainerBase$StartChild.call(ContainerBase.java:1332)
		at org.apache.catalina.core.ContainerBase$StartChild.call(ContainerBase.java:1322)
		at java.base/java.util.concurrent.FutureTask.run(FutureTask.java:264)
		at org.apache.tomcat.util.threads.InlineExecutorService.execute(InlineExecutorService.java:75)
		at java.base/java.util.concurrent.AbstractExecutorService.submit(AbstractExecutorService.java:145)
		at org.apache.catalina.core.ContainerBase.startInternal(ContainerBase.java:866)
		at org.apache.catalina.core.StandardEngine.startInternal(StandardEngine.java:248)
		at org.apache.catalina.util.LifecycleBase.start(LifecycleBase.java:171)
		at org.apache.catalina.core.StandardService.startInternal(StandardService.java:433)
		at org.apache.catalina.util.LifecycleBase.start(LifecycleBase.java:171)
		at org.apache.catalina.core.StandardServer.startInternal(StandardServer.java:921)
		at org.apache.catalina.util.LifecycleBase.start(LifecycleBase.java:171)
		at org.apache.catalina.startup.Catalina.start(Catalina.java:772)
		at java.base/jdk.internal.reflect.NativeMethodAccessorImpl.invoke0(Native Method)
		at java.base/jdk.internal.reflect.NativeMethodAccessorImpl.invoke(NativeMethodAccessorImpl.java:77)
		at java.base/jdk.internal.reflect.DelegatingMethodAccessorImpl.invoke(DelegatingMethodAccessorImpl.java:43)
		at java.base/java.lang.reflect.Method.invoke(Method.java:568)
		at org.apache.catalina.startup.Bootstrap.start(Bootstrap.java:347)
		at org.apache.catalina.startup.Bootstrap.main(Bootstrap.java:478)
	Caused by: org.apache.catalina.LifecycleException: Failed to start component [org.apache.catalina.webresources.StandardRoot@17d919b6]
		at org.apache.catalina.util.LifecycleBase.handleSubClassException(LifecycleBase.java:419)
		at org.apache.catalina.util.LifecycleBase.start(LifecycleBase.java:186)
		at org.apache.catalina.core.StandardContext.resourcesStart(StandardContext.java:4575)
		at org.apache.catalina.core.StandardContext.startInternal(StandardContext.java:4708)
		at org.apache.catalina.util.LifecycleBase.start(LifecycleBase.java:171)
		at org.apache.catalina.core.ContainerBase.addChildInternal(ContainerBase.java:683)
		... 37 more
	Caused by: java.lang.IllegalArgumentException: The main resource set specified [C:\Users\Admin\Documents\NetBeans\OBBMS1\build\web] is not a directory or war file, or is not readable (it does not exist or permissions to access it are missing)
		at org.apache.catalina.webresources.StandardRoot.createMainResourceSet(StandardRoot.java:749)
		at org.apache.catalina.webresources.StandardRoot.startInternal(StandardRoot.java:707)
		at org.apache.catalina.util.LifecycleBase.start(LifecycleBase.java:171)
		... 41 more
28-Feb-2024 18:18:14.346 INFO [main] org.apache.catalina.startup.HostConfig.deployDescriptor Deployment of deployment descriptor [C:\apache-tomcat-9.0.82\conf\Catalina\localhost\OBBMS1.xml] has finished in [247] ms
28-Feb-2024 18:18:14.348 INFO [main] org.apache.catalina.startup.HostConfig.deployDescriptor Deploying deployment descriptor [C:\apache-tomcat-9.0.82\conf\Catalina\localhost\OBBMSBS.xml]
28-Feb-2024 18:18:14.595 WARNING [main] org.apache.catalina.startup.HostConfig.deployDescriptor The path attribute with value [/OBBMSBS] in deployment descriptor [C:\apache-tomcat-9.0.82\conf\Catalina\localhost\OBBMSBS.xml] has been ignored
28-Feb-2024 18:18:17.537 INFO [main] org.apache.jasper.servlet.TldScanner.scanJars At least one JAR was scanned for TLDs yet contained no TLDs. Enable debug logging for this logger for a complete list of JARs that were scanned but no TLDs were found in them. Skipping unneeded JARs during scanning can improve startup time and JSP compilation time.
28-Feb-2024 18:18:18.170 INFO [main] org.apache.catalina.startup.HostConfig.deployDescriptor Deployment of deployment descriptor [C:\apache-tomcat-9.0.82\conf\Catalina\localhost\OBBMSBS.xml] has finished in [3,822] ms
28-Feb-2024 18:18:18.171 INFO [main] org.apache.catalina.startup.HostConfig.deployDescriptor Deploying deployment descriptor [C:\apache-tomcat-9.0.82\conf\Catalina\localhost\SampleProject.xml]
28-Feb-2024 18:18:18.173 WARNING [main] org.apache.catalina.startup.HostConfig.deployDescriptor The path attribute with value [/SampleProject] in deployment descriptor [C:\apache-tomcat-9.0.82\conf\Catalina\localhost\SampleProject.xml] has been ignored
28-Feb-2024 18:18:18.266 INFO [main] org.apache.catalina.startup.HostConfig.deployDescriptor Deployment of deployment descriptor [C:\apache-tomcat-9.0.82\conf\Catalina\localhost\SampleProject.xml] has finished in [95] ms
28-Feb-2024 18:18:18.266 INFO [main] org.apache.catalina.startup.HostConfig.deployDescriptor Deploying deployment descriptor [C:\apache-tomcat-9.0.82\conf\Catalina\localhost\TaglibEX.xml]
28-Feb-2024 18:18:18.293 WARNING [main] org.apache.catalina.startup.HostConfig.deployDescriptor The path attribute with value [/TaglibEX] in deployment descriptor [C:\apache-tomcat-9.0.82\conf\Catalina\localhost\TaglibEX.xml] has been ignored
28-Feb-2024 18:18:18.305 SEVERE [main] org.apache.catalina.startup.HostConfig.deployDescriptor Error deploying deployment descriptor [C:\apache-tomcat-9.0.82\conf\Catalina\localhost\TaglibEX.xml]
	java.lang.IllegalStateException: Error starting child
		at org.apache.catalina.core.ContainerBase.addChildInternal(ContainerBase.java:686)
		at org.apache.catalina.core.ContainerBase.addChild(ContainerBase.java:658)
		at org.apache.catalina.core.StandardHost.addChild(StandardHost.java:661)
		at org.apache.catalina.startup.HostConfig.deployDescriptor(HostConfig.java:689)
		at org.apache.catalina.startup.HostConfig$DeployDescriptor.run(HostConfig.java:1888)
		at java.base/java.util.concurrent.Executors$RunnableAdapter.call(Executors.java:539)
		at java.base/java.util.concurrent.FutureTask.run(FutureTask.java:264)
		at org.apache.tomcat.util.threads.InlineExecutorService.execute(InlineExecutorService.java:75)
		at java.base/java.util.concurrent.AbstractExecutorService.submit(AbstractExecutorService.java:123)
		at org.apache.catalina.startup.HostConfig.deployDescriptors(HostConfig.java:582)
		at org.apache.catalina.startup.HostConfig.deployApps(HostConfig.java:472)
		at org.apache.catalina.startup.HostConfig.start(HostConfig.java:1617)
		at org.apache.catalina.startup.HostConfig.lifecycleEvent(HostConfig.java:318)
		at org.apache.catalina.util.LifecycleBase.fireLifecycleEvent(LifecycleBase.java:114)
		at org.apache.catalina.util.LifecycleBase.setStateInternal(LifecycleBase.java:402)
		at org.apache.catalina.util.LifecycleBase.setState(LifecycleBase.java:345)
		at org.apache.catalina.core.ContainerBase.startInternal(ContainerBase.java:893)
		at org.apache.catalina.core.StandardHost.startInternal(StandardHost.java:794)
		at org.apache.catalina.util.LifecycleBase.start(LifecycleBase.java:171)
		at org.apache.catalina.core.ContainerBase$StartChild.call(ContainerBase.java:1332)
		at org.apache.catalina.core.ContainerBase$StartChild.call(ContainerBase.java:1322)
		at java.base/java.util.concurrent.FutureTask.run(FutureTask.java:264)
		at org.apache.tomcat.util.threads.InlineExecutorService.execute(InlineExecutorService.java:75)
		at java.base/java.util.concurrent.AbstractExecutorService.submit(AbstractExecutorService.java:145)
		at org.apache.catalina.core.ContainerBase.startInternal(ContainerBase.java:866)
		at org.apache.catalina.core.StandardEngine.startInternal(StandardEngine.java:248)
		at org.apache.catalina.util.LifecycleBase.start(LifecycleBase.java:171)
		at org.apache.catalina.core.StandardService.startInternal(StandardService.java:433)
		at org.apache.catalina.util.LifecycleBase.start(LifecycleBase.java:171)
		at org.apache.catalina.core.StandardServer.startInternal(StandardServer.java:921)
		at org.apache.catalina.util.LifecycleBase.start(LifecycleBase.java:171)
		at org.apache.catalina.startup.Catalina.start(Catalina.java:772)
		at java.base/jdk.internal.reflect.NativeMethodAccessorImpl.invoke0(Native Method)
		at java.base/jdk.internal.reflect.NativeMethodAccessorImpl.invoke(NativeMethodAccessorImpl.java:77)
		at java.base/jdk.internal.reflect.DelegatingMethodAccessorImpl.invoke(DelegatingMethodAccessorImpl.java:43)
		at java.base/java.lang.reflect.Method.invoke(Method.java:568)
		at org.apache.catalina.startup.Bootstrap.start(Bootstrap.java:347)
		at org.apache.catalina.startup.Bootstrap.main(Bootstrap.java:478)
	Caused by: org.apache.catalina.LifecycleException: Failed to start component [org.apache.catalina.webresources.StandardRoot@705202d1]
		at org.apache.catalina.util.LifecycleBase.handleSubClassException(LifecycleBase.java:419)
		at org.apache.catalina.util.LifecycleBase.start(LifecycleBase.java:186)
		at org.apache.catalina.core.StandardContext.resourcesStart(StandardContext.java:4575)
		at org.apache.catalina.core.StandardContext.startInternal(StandardContext.java:4708)
		at org.apache.catalina.util.LifecycleBase.start(LifecycleBase.java:171)
		at org.apache.catalina.core.ContainerBase.addChildInternal(ContainerBase.java:683)
		... 37 more
	Caused by: java.lang.IllegalArgumentException: The main resource set specified [C:\Users\Admin\Documents\NetBeansProjects\TaglibEX\build\web] is not a directory or war file, or is not readable (it does not exist or permissions to access it are missing)
		at org.apache.catalina.webresources.StandardRoot.createMainResourceSet(StandardRoot.java:749)
		at org.apache.catalina.webresources.StandardRoot.startInternal(StandardRoot.java:707)
		at org.apache.catalina.util.LifecycleBase.start(LifecycleBase.java:171)
		... 41 more
28-Feb-2024 18:18:18.346 INFO [main] org.apache.catalina.startup.HostConfig.deployDescriptor Deployment of deployment descriptor [C:\apache-tomcat-9.0.82\conf\Catalina\localhost\TaglibEX.xml] has finished in [80] ms
28-Feb-2024 18:18:18.348 INFO [main] org.apache.catalina.startup.HostConfig.deployDirectory Deploying web application directory [C:\apache-tomcat-9.0.82\webapps\docs]
28-Feb-2024 18:18:18.586 INFO [main] org.apache.catalina.startup.HostConfig.deployDirectory Deployment of web application directory [C:\apache-tomcat-9.0.82\webapps\docs] has finished in [239] ms
28-Feb-2024 18:18:18.587 INFO [main] org.apache.catalina.startup.HostConfig.deployDirectory Deploying web application directory [C:\apache-tomcat-9.0.82\webapps\examples]
28-Feb-2024 18:18:20.526 INFO [main] org.apache.catalina.startup.HostConfig.deployDirectory Deployment of web application directory [C:\apache-tomcat-9.0.82\webapps\examples] has finished in [1,938] ms
28-Feb-2024 18:18:20.527 INFO [main] org.apache.catalina.startup.HostConfig.deployDirectory Deploying web application directory [C:\apache-tomcat-9.0.82\webapps\host-manager]
28-Feb-2024 18:18:20.682 INFO [main] org.apache.catalina.startup.HostConfig.deployDirectory Deployment of web application directory [C:\apache-tomcat-9.0.82\webapps\host-manager] has finished in [155] ms
28-Feb-2024 18:18:20.682 INFO [main] org.apache.catalina.startup.HostConfig.deployDirectory Deploying web application directory [C:\apache-tomcat-9.0.82\webapps\manager]
28-Feb-2024 18:18:20.825 INFO [main] org.apache.catalina.startup.HostConfig.deployDirectory Deployment of web application directory [C:\apache-tomcat-9.0.82\webapps\manager] has finished in [143] ms
28-Feb-2024 18:18:20.826 INFO [main] org.apache.catalina.startup.HostConfig.deployDirectory Deploying web application directory [C:\apache-tomcat-9.0.82\webapps\ROOT]
28-Feb-2024 18:18:21.090 INFO [main] org.apache.catalina.startup.HostConfig.deployDirectory Deployment of web application directory [C:\apache-tomcat-9.0.82\webapps\ROOT] has finished in [264] ms
28-Feb-2024 18:18:21.090 INFO [main] org.apache.coyote.AbstractProtocol.start Starting ProtocolHandler ["http-nio-8080"]
28-Feb-2024 18:18:21.230 INFO [main] org.apache.catalina.startup.Catalina.start Server startup in [7770] milliseconds
28-Feb-2024 20:04:24.860 WARNING [http-nio-8080-exec-10] org.apache.catalina.loader.WebappClassLoaderBase.clearReferencesJdbc The web application [OBBMSBS] registered the JDBC driver [com.mysql.cj.jdbc.Driver] but failed to unregister it when the web application was stopped. To prevent a memory leak, the JDBC Driver has been forcibly unregistered.
28-Feb-2024 20:04:24.860 WARNING [http-nio-8080-exec-10] org.apache.catalina.loader.WebappClassLoaderBase.clearReferencesThreads The web application [OBBMSBS] appears to have started a thread named [mysql-cj-abandoned-connection-cleanup] but has failed to stop it. This is very likely to create a memory leak. Stack trace of thread:
 java.base@17.0.10/java.lang.Object.wait(Native Method)
 java.base@17.0.10/java.lang.ref.ReferenceQueue.remove(ReferenceQueue.java:155)
 com.mysql.cj.jdbc.AbandonedConnectionCleanupThread.run(AbandonedConnectionCleanupThread.java:93)
 java.base@17.0.10/java.util.concurrent.ThreadPoolExecutor.runWorker(ThreadPoolExecutor.java:1136)
 java.base@17.0.10/java.util.concurrent.ThreadPoolExecutor$Worker.run(ThreadPoolExecutor.java:635)
 java.base@17.0.10/java.lang.Thread.run(Thread.java:842)
28-Feb-2024 20:04:27.278 INFO [mysql-cj-abandoned-connection-cleanup] org.apache.catalina.loader.WebappClassLoaderBase.checkStateForResourceLoading Illegal access: this web application instance has been stopped already. Could not load []. The following stack trace is thrown for debugging purposes as well as to attempt to terminate the thread which caused the illegal access.
	java.lang.IllegalStateException: Illegal access: this web application instance has been stopped already. Could not load []. The following stack trace is thrown for debugging purposes as well as to attempt to terminate the thread which caused the illegal access.
		at org.apache.catalina.loader.WebappClassLoaderBase.checkStateForResourceLoading(WebappClassLoaderBase.java:1349)
		at org.apache.catalina.loader.WebappClassLoaderBase.getResource(WebappClassLoaderBase.java:981)
		at com.mysql.cj.jdbc.AbandonedConnectionCleanupThread.checkThreadContextClassLoader(AbandonedConnectionCleanupThread.java:125)
		at com.mysql.cj.jdbc.AbandonedConnectionCleanupThread.run(AbandonedConnectionCleanupThread.java:92)
		at java.base/java.util.concurrent.ThreadPoolExecutor.runWorker(ThreadPoolExecutor.java:1136)
		at java.base/java.util.concurrent.ThreadPoolExecutor$Worker.run(ThreadPoolExecutor.java:635)
		at java.base/java.lang.Thread.run(Thread.java:842)
28-Feb-2024 20:04:27.404 INFO [http-nio-8080-exec-9] org.apache.jasper.servlet.TldScanner.scanJars At least one JAR was scanned for TLDs yet contained no TLDs. Enable debug logging for this logger for a complete list of JARs that were scanned but no TLDs were found in them. Skipping unneeded JARs during scanning can improve startup time and JSP compilation time.
28-Feb-2024 20:04:27.682 INFO [Catalina-utility-2] org.apache.catalina.startup.HostConfig.reload Reloading context [/OBBMSBS]
28-Feb-2024 20:04:27.682 INFO [Catalina-utility-2] org.apache.catalina.core.StandardContext.reload Reloading Context with name [/OBBMSBS] has started
28-Feb-2024 20:04:30.133 INFO [Catalina-utility-2] org.apache.jasper.servlet.TldScanner.scanJars At least one JAR was scanned for TLDs yet contained no TLDs. Enable debug logging for this logger for a complete list of JARs that were scanned but no TLDs were found in them. Skipping unneeded JARs during scanning can improve startup time and JSP compilation time.
28-Feb-2024 20:04:30.147 INFO [Catalina-utility-2] org.apache.catalina.core.StandardContext.reload Reloading Context with name [/OBBMSBS] is completed
28-Feb-2024 20:04:30.147 INFO [http-nio-8080-exec-3] org.apache.catalina.core.StandardContext.reload Reloading Context with name [/OBBMSBS] has started
28-Feb-2024 20:04:31.650 INFO [http-nio-8080-exec-3] org.apache.jasper.servlet.TldScanner.scanJars At least one JAR was scanned for TLDs yet contained no TLDs. Enable debug logging for this logger for a complete list of JARs that were scanned but no TLDs were found in them. Skipping unneeded JARs during scanning can improve startup time and JSP compilation time.
28-Feb-2024 20:04:31.650 INFO [http-nio-8080-exec-3] org.apache.catalina.core.StandardContext.reload Reloading Context with name [/OBBMSBS] is completed
28-Feb-2024 20:04:32.049 INFO [http-nio-8080-exec-2] org.apache.catalina.core.StandardContext.reload Reloading Context with name [/OBBMSBS] has started
28-Feb-2024 20:04:33.356 INFO [http-nio-8080-exec-2] org.apache.jasper.servlet.TldScanner.scanJars At least one JAR was scanned for TLDs yet contained no TLDs. Enable debug logging for this logger for a complete list of JARs that were scanned but no TLDs were found in them. Skipping unneeded JARs during scanning can improve startup time and JSP compilation time.
28-Feb-2024 20:04:33.364 INFO [http-nio-8080-exec-2] org.apache.catalina.core.StandardContext.reload Reloading Context with name [/OBBMSBS] is completed
28-Feb-2024 20:06:33.442 INFO [http-nio-8080-exec-18] org.apache.catalina.core.StandardContext.reload Reloading Context with name [/OBBMSBS] has started
28-Feb-2024 20:06:34.209 INFO [http-nio-8080-exec-18] org.apache.jasper.servlet.TldScanner.scanJars At least one JAR was scanned for TLDs yet contained no TLDs. Enable debug logging for this logger for a complete list of JARs that were scanned but no TLDs were found in them. Skipping unneeded JARs during scanning can improve startup time and JSP compilation time.
28-Feb-2024 20:06:34.229 INFO [http-nio-8080-exec-18] org.apache.catalina.core.StandardContext.reload Reloading Context with name [/OBBMSBS] is completed
28-Feb-2024 20:09:50.560 INFO [http-nio-8080-exec-20] org.apache.catalina.core.StandardContext.reload Reloading Context with name [/OBBMSBS] has started
28-Feb-2024 20:09:51.366 INFO [http-nio-8080-exec-20] org.apache.jasper.servlet.TldScanner.scanJars At least one JAR was scanned for TLDs yet contained no TLDs. Enable debug logging for this logger for a complete list of JARs that were scanned but no TLDs were found in them. Skipping unneeded JARs during scanning can improve startup time and JSP compilation time.
28-Feb-2024 20:09:51.374 INFO [http-nio-8080-exec-20] org.apache.catalina.core.StandardContext.reload Reloading Context with name [/OBBMSBS] is completed
28-Feb-2024 20:09:51.706 INFO [http-nio-8080-exec-4] org.apache.catalina.core.StandardContext.reload Reloading Context with name [/OBBMSBS] has started
28-Feb-2024 20:09:52.413 INFO [http-nio-8080-exec-4] org.apache.jasper.servlet.TldScanner.scanJars At least one JAR was scanned for TLDs yet contained no TLDs. Enable debug logging for this logger for a complete list of JARs that were scanned but no TLDs were found in them. Skipping unneeded JARs during scanning can improve startup time and JSP compilation time.
28-Feb-2024 20:09:52.418 INFO [http-nio-8080-exec-4] org.apache.catalina.core.StandardContext.reload Reloading Context with name [/OBBMSBS] is completed
28-Feb-2024 20:10:22.666 INFO [http-nio-8080-exec-23] org.apache.catalina.core.StandardContext.reload Reloading Context with name [/OBBMSBS] has started
28-Feb-2024 20:10:23.329 INFO [http-nio-8080-exec-23] org.apache.jasper.servlet.TldScanner.scanJars At least one JAR was scanned for TLDs yet contained no TLDs. Enable debug logging for this logger for a complete list of JARs that were scanned but no TLDs were found in them. Skipping unneeded JARs during scanning can improve startup time and JSP compilation time.
28-Feb-2024 20:10:23.334 INFO [http-nio-8080-exec-23] org.apache.catalina.core.StandardContext.reload Reloading Context with name [/OBBMSBS] is completed
28-Feb-2024 20:11:32.991 INFO [http-nio-8080-exec-25] org.apache.catalina.core.StandardContext.reload Reloading Context with name [/OBBMSBS] has started
28-Feb-2024 20:11:33.590 INFO [http-nio-8080-exec-25] org.apache.jasper.servlet.TldScanner.scanJars At least one JAR was scanned for TLDs yet contained no TLDs. Enable debug logging for this logger for a complete list of JARs that were scanned but no TLDs were found in them. Skipping unneeded JARs during scanning can improve startup time and JSP compilation time.
28-Feb-2024 20:11:33.597 INFO [http-nio-8080-exec-25] org.apache.catalina.core.StandardContext.reload Reloading Context with name [/OBBMSBS] is completed
28-Feb-2024 20:13:49.404 INFO [http-nio-8080-exec-19] org.apache.catalina.core.StandardContext.reload Reloading Context with name [/OBBMSBS] has started
28-Feb-2024 20:13:50.008 INFO [http-nio-8080-exec-19] org.apache.jasper.servlet.TldScanner.scanJars At least one JAR was scanned for TLDs yet contained no TLDs. Enable debug logging for this logger for a complete list of JARs that were scanned but no TLDs were found in them. Skipping unneeded JARs during scanning can improve startup time and JSP compilation time.
28-Feb-2024 20:13:50.013 INFO [http-nio-8080-exec-19] org.apache.catalina.core.StandardContext.reload Reloading Context with name [/OBBMSBS] is completed
28-Feb-2024 20:14:05.099 INFO [http-nio-8080-exec-33] org.apache.catalina.core.StandardContext.reload Reloading Context with name [/OBBMSBS] has started
28-Feb-2024 20:14:05.736 INFO [http-nio-8080-exec-33] org.apache.jasper.servlet.TldScanner.scanJars At least one JAR was scanned for TLDs yet contained no TLDs. Enable debug logging for this logger for a complete list of JARs that were scanned but no TLDs were found in them. Skipping unneeded JARs during scanning can improve startup time and JSP compilation time.
28-Feb-2024 20:14:05.741 INFO [http-nio-8080-exec-33] org.apache.catalina.core.StandardContext.reload Reloading Context with name [/OBBMSBS] is completed
28-Feb-2024 20:14:59.707 INFO [http-nio-8080-exec-29] org.apache.catalina.core.StandardContext.reload Reloading Context with name [/OBBMSBS] has started
28-Feb-2024 20:15:00.368 INFO [http-nio-8080-exec-29] org.apache.jasper.servlet.TldScanner.scanJars At least one JAR was scanned for TLDs yet contained no TLDs. Enable debug logging for this logger for a complete list of JARs that were scanned but no TLDs were found in them. Skipping unneeded JARs during scanning can improve startup time and JSP compilation time.
28-Feb-2024 20:15:00.375 INFO [http-nio-8080-exec-29] org.apache.catalina.core.StandardContext.reload Reloading Context with name [/OBBMSBS] is completed
28-Feb-2024 20:22:16.391 INFO [http-nio-8080-exec-37] org.apache.catalina.core.StandardContext.reload Reloading Context with name [/OBBMSBS] has started
28-Feb-2024 20:22:17.083 INFO [http-nio-8080-exec-37] org.apache.jasper.servlet.TldScanner.scanJars At least one JAR was scanned for TLDs yet contained no TLDs. Enable debug logging for this logger for a complete list of JARs that were scanned but no TLDs were found in them. Skipping unneeded JARs during scanning can improve startup time and JSP compilation time.
28-Feb-2024 20:22:17.083 INFO [http-nio-8080-exec-37] org.apache.catalina.core.StandardContext.reload Reloading Context with name [/OBBMSBS] is completed
28-Feb-2024 20:34:04.147 INFO [http-nio-8080-exec-44] org.apache.catalina.core.StandardContext.reload Reloading Context with name [/OBBMSBS] has started
28-Feb-2024 20:34:04.720 INFO [http-nio-8080-exec-44] org.apache.jasper.servlet.TldScanner.scanJars At least one JAR was scanned for TLDs yet contained no TLDs. Enable debug logging for this logger for a complete list of JARs that were scanned but no TLDs were found in them. Skipping unneeded JARs during scanning can improve startup time and JSP compilation time.
28-Feb-2024 20:34:04.745 INFO [http-nio-8080-exec-44] org.apache.catalina.core.StandardContext.reload Reloading Context with name [/OBBMSBS] is completed
28-Feb-2024 20:42:54.173 INFO [http-nio-8080-exec-56] org.apache.catalina.core.StandardContext.reload Reloading Context with name [/OBBMSBS] has started
28-Feb-2024 20:42:54.173 WARNING [http-nio-8080-exec-56] org.apache.catalina.loader.WebappClassLoaderBase.clearReferencesJdbc The web application [OBBMSBS] registered the JDBC driver [com.mysql.cj.jdbc.Driver] but failed to unregister it when the web application was stopped. To prevent a memory leak, the JDBC Driver has been forcibly unregistered.
28-Feb-2024 20:42:54.173 WARNING [http-nio-8080-exec-56] org.apache.catalina.loader.WebappClassLoaderBase.clearReferencesThreads The web application [OBBMSBS] appears to have started a thread named [mysql-cj-abandoned-connection-cleanup] but has failed to stop it. This is very likely to create a memory leak. Stack trace of thread:
 java.base@17.0.10/java.lang.Object.wait(Native Method)
 java.base@17.0.10/java.lang.ref.ReferenceQueue.remove(ReferenceQueue.java:155)
 com.mysql.cj.jdbc.AbandonedConnectionCleanupThread.run(AbandonedConnectionCleanupThread.java:93)
 java.base@17.0.10/java.util.concurrent.ThreadPoolExecutor.runWorker(ThreadPoolExecutor.java:1136)
 java.base@17.0.10/java.util.concurrent.ThreadPoolExecutor$Worker.run(ThreadPoolExecutor.java:635)
 java.base@17.0.10/java.lang.Thread.run(Thread.java:842)
28-Feb-2024 20:42:54.790 INFO [http-nio-8080-exec-56] org.apache.jasper.servlet.TldScanner.scanJars At least one JAR was scanned for TLDs yet contained no TLDs. Enable debug logging for this logger for a complete list of JARs that were scanned but no TLDs were found in them. Skipping unneeded JARs during scanning can improve startup time and JSP compilation time.
28-Feb-2024 20:42:54.802 INFO [http-nio-8080-exec-56] org.apache.catalina.core.StandardContext.reload Reloading Context with name [/OBBMSBS] is completed
28-Feb-2024 20:42:58.161 INFO [mysql-cj-abandoned-connection-cleanup] org.apache.catalina.loader.WebappClassLoaderBase.checkStateForResourceLoading Illegal access: this web application instance has been stopped already. Could not load []. The following stack trace is thrown for debugging purposes as well as to attempt to terminate the thread which caused the illegal access.
	java.lang.IllegalStateException: Illegal access: this web application instance has been stopped already. Could not load []. The following stack trace is thrown for debugging purposes as well as to attempt to terminate the thread which caused the illegal access.
		at org.apache.catalina.loader.WebappClassLoaderBase.checkStateForResourceLoading(WebappClassLoaderBase.java:1349)
		at org.apache.catalina.loader.WebappClassLoaderBase.getResource(WebappClassLoaderBase.java:981)
		at com.mysql.cj.jdbc.AbandonedConnectionCleanupThread.checkThreadContextClassLoader(AbandonedConnectionCleanupThread.java:125)
		at com.mysql.cj.jdbc.AbandonedConnectionCleanupThread.run(AbandonedConnectionCleanupThread.java:92)
		at java.base/java.util.concurrent.ThreadPoolExecutor.runWorker(ThreadPoolExecutor.java:1136)
		at java.base/java.util.concurrent.ThreadPoolExecutor$Worker.run(ThreadPoolExecutor.java:635)
		at java.base/java.lang.Thread.run(Thread.java:842)
28-Feb-2024 20:43:29.966 INFO [http-nio-8080-exec-55] org.apache.catalina.core.StandardContext.reload Reloading Context with name [/OBBMSBS] has started
28-Feb-2024 20:43:30.577 INFO [http-nio-8080-exec-55] org.apache.jasper.servlet.TldScanner.scanJars At least one JAR was scanned for TLDs yet contained no TLDs. Enable debug logging for this logger for a complete list of JARs that were scanned but no TLDs were found in them. Skipping unneeded JARs during scanning can improve startup time and JSP compilation time.
28-Feb-2024 20:43:30.577 INFO [http-nio-8080-exec-55] org.apache.catalina.core.StandardContext.reload Reloading Context with name [/OBBMSBS] is completed
28-Feb-2024 20:43:38.142 INFO [http-nio-8080-exec-57] org.apache.catalina.core.StandardContext.reload Reloading Context with name [/OBBMSBS] has started
28-Feb-2024 20:43:38.958 INFO [http-nio-8080-exec-57] org.apache.jasper.servlet.TldScanner.scanJars At least one JAR was scanned for TLDs yet contained no TLDs. Enable debug logging for this logger for a complete list of JARs that were scanned but no TLDs were found in them. Skipping unneeded JARs during scanning can improve startup time and JSP compilation time.
28-Feb-2024 20:43:38.965 INFO [http-nio-8080-exec-57] org.apache.catalina.core.StandardContext.reload Reloading Context with name [/OBBMSBS] is completed
28-Feb-2024 20:53:34.179 INFO [http-nio-8080-exec-71] org.apache.catalina.core.StandardContext.reload Reloading Context with name [/OBBMSBS] has started
28-Feb-2024 20:53:34.184 WARNING [http-nio-8080-exec-71] org.apache.catalina.loader.WebappClassLoaderBase.clearReferencesJdbc The web application [OBBMSBS] registered the JDBC driver [com.mysql.cj.jdbc.Driver] but failed to unregister it when the web application was stopped. To prevent a memory leak, the JDBC Driver has been forcibly unregistered.
28-Feb-2024 20:53:34.185 WARNING [http-nio-8080-exec-71] org.apache.catalina.loader.WebappClassLoaderBase.clearReferencesThreads The web application [OBBMSBS] appears to have started a thread named [mysql-cj-abandoned-connection-cleanup] but has failed to stop it. This is very likely to create a memory leak. Stack trace of thread:
 java.base@17.0.10/java.lang.Object.wait(Native Method)
 java.base@17.0.10/java.lang.ref.ReferenceQueue.remove(ReferenceQueue.java:155)
 com.mysql.cj.jdbc.AbandonedConnectionCleanupThread.run(AbandonedConnectionCleanupThread.java:93)
 java.base@17.0.10/java.util.concurrent.ThreadPoolExecutor.runWorker(ThreadPoolExecutor.java:1136)
 java.base@17.0.10/java.util.concurrent.ThreadPoolExecutor$Worker.run(ThreadPoolExecutor.java:635)
 java.base@17.0.10/java.lang.Thread.run(Thread.java:842)
28-Feb-2024 20:53:35.252 INFO [http-nio-8080-exec-71] org.apache.jasper.servlet.TldScanner.scanJars At least one JAR was scanned for TLDs yet contained no TLDs. Enable debug logging for this logger for a complete list of JARs that were scanned but no TLDs were found in them. Skipping unneeded JARs during scanning can improve startup time and JSP compilation time.
28-Feb-2024 20:53:35.263 INFO [http-nio-8080-exec-71] org.apache.catalina.core.StandardContext.reload Reloading Context with name [/OBBMSBS] is completed
28-Feb-2024 20:53:35.604 INFO [http-nio-8080-exec-67] org.apache.catalina.core.StandardContext.reload Reloading Context with name [/OBBMSBS] has started
28-Feb-2024 20:53:36.365 INFO [http-nio-8080-exec-67] org.apache.jasper.servlet.TldScanner.scanJars At least one JAR was scanned for TLDs yet contained no TLDs. Enable debug logging for this logger for a complete list of JARs that were scanned but no TLDs were found in them. Skipping unneeded JARs during scanning can improve startup time and JSP compilation time.
28-Feb-2024 20:53:36.372 INFO [http-nio-8080-exec-67] org.apache.catalina.core.StandardContext.reload Reloading Context with name [/OBBMSBS] is completed
28-Feb-2024 20:53:36.702 INFO [mysql-cj-abandoned-connection-cleanup] org.apache.catalina.loader.WebappClassLoaderBase.checkStateForResourceLoading Illegal access: this web application instance has been stopped already. Could not load []. The following stack trace is thrown for debugging purposes as well as to attempt to terminate the thread which caused the illegal access.
	java.lang.IllegalStateException: Illegal access: this web application instance has been stopped already. Could not load []. The following stack trace is thrown for debugging purposes as well as to attempt to terminate the thread which caused the illegal access.
		at org.apache.catalina.loader.WebappClassLoaderBase.checkStateForResourceLoading(WebappClassLoaderBase.java:1349)
		at org.apache.catalina.loader.WebappClassLoaderBase.getResource(WebappClassLoaderBase.java:981)
		at com.mysql.cj.jdbc.AbandonedConnectionCleanupThread.checkThreadContextClassLoader(AbandonedConnectionCleanupThread.java:125)
		at com.mysql.cj.jdbc.AbandonedConnectionCleanupThread.run(AbandonedConnectionCleanupThread.java:92)
		at java.base/java.util.concurrent.ThreadPoolExecutor.runWorker(ThreadPoolExecutor.java:1136)
		at java.base/java.util.concurrent.ThreadPoolExecutor$Worker.run(ThreadPoolExecutor.java:635)
		at java.base/java.lang.Thread.run(Thread.java:842)
28-Feb-2024 20:53:41.880 INFO [http-nio-8080-exec-66] org.apache.catalina.core.StandardContext.reload Reloading Context with name [/OBBMSBS] has started
28-Feb-2024 20:53:42.501 INFO [http-nio-8080-exec-66] org.apache.jasper.servlet.TldScanner.scanJars At least one JAR was scanned for TLDs yet contained no TLDs. Enable debug logging for this logger for a complete list of JARs that were scanned but no TLDs were found in them. Skipping unneeded JARs during scanning can improve startup time and JSP compilation time.
28-Feb-2024 20:53:42.520 INFO [http-nio-8080-exec-66] org.apache.catalina.core.StandardContext.reload Reloading Context with name [/OBBMSBS] is completed
28-Feb-2024 20:54:43.717 INFO [http-nio-8080-exec-79] org.apache.catalina.core.StandardContext.reload Reloading Context with name [/OBBMSBS] has started
28-Feb-2024 20:54:44.397 INFO [http-nio-8080-exec-79] org.apache.jasper.servlet.TldScanner.scanJars At least one JAR was scanned for TLDs yet contained no TLDs. Enable debug logging for this logger for a complete list of JARs that were scanned but no TLDs were found in them. Skipping unneeded JARs during scanning can improve startup time and JSP compilation time.
28-Feb-2024 20:54:44.404 INFO [http-nio-8080-exec-79] org.apache.catalina.core.StandardContext.reload Reloading Context with name [/OBBMSBS] is completed
28-Feb-2024 20:55:04.203 INFO [http-nio-8080-exec-81] org.apache.catalina.core.StandardContext.reload Reloading Context with name [/OBBMSBS] has started
28-Feb-2024 20:55:04.844 INFO [http-nio-8080-exec-81] org.apache.jasper.servlet.TldScanner.scanJars At least one JAR was scanned for TLDs yet contained no TLDs. Enable debug logging for this logger for a complete list of JARs that were scanned but no TLDs were found in them. Skipping unneeded JARs during scanning can improve startup time and JSP compilation time.
28-Feb-2024 20:55:04.849 INFO [http-nio-8080-exec-81] org.apache.catalina.core.StandardContext.reload Reloading Context with name [/OBBMSBS] is completed
28-Feb-2024 20:57:00.023 INFO [http-nio-8080-exec-82] org.apache.catalina.core.StandardContext.reload Reloading Context with name [/OBBMSBS] has started
28-Feb-2024 20:57:00.640 INFO [http-nio-8080-exec-82] org.apache.jasper.servlet.TldScanner.scanJars At least one JAR was scanned for TLDs yet contained no TLDs. Enable debug logging for this logger for a complete list of JARs that were scanned but no TLDs were found in them. Skipping unneeded JARs during scanning can improve startup time and JSP compilation time.
28-Feb-2024 20:57:00.648 INFO [http-nio-8080-exec-82] org.apache.catalina.core.StandardContext.reload Reloading Context with name [/OBBMSBS] is completed
28-Feb-2024 20:57:10.298 INFO [main] org.apache.catalina.core.StandardServer.await A valid shutdown command was received via the shutdown port. Stopping the Server instance.
28-Feb-2024 20:57:10.299 INFO [main] org.apache.coyote.AbstractProtocol.pause Pausing ProtocolHandler ["http-nio-8080"]
28-Feb-2024 20:57:10.322 INFO [main] org.apache.catalina.core.StandardService.stopInternal Stopping service [Catalina]
28-Feb-2024 20:57:10.353 INFO [main] org.apache.coyote.AbstractProtocol.stop Stopping ProtocolHandler ["http-nio-8080"]
28-Feb-2024 20:57:10.366 INFO [main] org.apache.coyote.AbstractProtocol.destroy Destroying ProtocolHandler ["http-nio-8080"]
