17-Mar-2024 09:31:28.373 INFO [main] org.apache.catalina.core.ApplicationContext.log ContextListener: contextInitialized()
17-Mar-2024 09:31:28.373 INFO [main] org.apache.catalina.core.ApplicationContext.log SessionListener: contextInitialized()
17-Mar-2024 09:31:28.377 INFO [main] org.apache.catalina.core.ApplicationContext.log ContextListener: attributeAdded('StockTicker', 'async.Stockticker@6d0be7ab')
17-Mar-2024 09:35:33.560 SEVERE [http-nio-8080-exec-8] org.apache.catalina.core.StandardWrapperValve.invoke Servlet.service() for servlet [jsp] in context with path [/OBBMSBS] threw exception [An exception occurred processing [/template/patient/patientBloodReq.jsp] at line [32]

29:                         </div>
30:                         <%
31:                             Patient currentPatient = (Patient) session.getAttribute("currentPatient");
32:                             String fName = currentPatient.getfName() + " " + currentPatient.getlName();
33:                             String dob = currentPatient.getDate();
34:                             String bloodgroup = currentPatient.getBloodgroup();
35:                             int patient_id = IdProvider.getPatientId(currentPatient);


Stacktrace:] with root cause
	java.lang.NullPointerException: Cannot invoke "com.entities.Patient.getfName()" because "currentPatient" is null
		at org.apache.jsp.template.patient.patientBloodReq_jsp._jspService(patientBloodReq_jsp.java:225)
		at org.apache.jasper.runtime.HttpJspBase.service(HttpJspBase.java:70)
		at javax.servlet.http.HttpServlet.service(HttpServlet.java:623)
		at org.apache.jasper.servlet.JspServletWrapper.service(JspServletWrapper.java:466)
		at org.apache.jasper.servlet.JspServlet.serviceJspFile(JspServlet.java:379)
		at org.apache.jasper.servlet.JspServlet.service(JspServlet.java:327)
		at javax.servlet.http.HttpServlet.service(HttpServlet.java:623)
		at org.apache.catalina.core.ApplicationFilterChain.internalDoFilter(ApplicationFilterChain.java:209)
		at org.apache.catalina.core.ApplicationFilterChain.doFilter(ApplicationFilterChain.java:153)
		at org.apache.tomcat.websocket.server.WsFilter.doFilter(WsFilter.java:51)
		at org.apache.catalina.core.ApplicationFilterChain.internalDoFilter(ApplicationFilterChain.java:178)
		at org.apache.catalina.core.ApplicationFilterChain.doFilter(ApplicationFilterChain.java:153)
		at org.apache.catalina.core.StandardWrapperValve.invoke(StandardWrapperValve.java:168)
		at org.apache.catalina.core.StandardContextValve.invoke(StandardContextValve.java:90)
		at org.apache.catalina.authenticator.AuthenticatorBase.invoke(AuthenticatorBase.java:481)
		at org.apache.catalina.core.StandardHostValve.invoke(StandardHostValve.java:130)
		at org.apache.catalina.valves.ErrorReportValve.invoke(ErrorReportValve.java:93)
		at org.apache.catalina.valves.AbstractAccessLogValve.invoke(AbstractAccessLogValve.java:670)
		at org.apache.catalina.core.StandardEngineValve.invoke(StandardEngineValve.java:74)
		at org.apache.catalina.connector.CoyoteAdapter.service(CoyoteAdapter.java:342)
		at org.apache.coyote.http11.Http11Processor.service(Http11Processor.java:390)
		at org.apache.coyote.AbstractProcessorLight.process(AbstractProcessorLight.java:63)
		at org.apache.coyote.AbstractProtocol$ConnectionHandler.process(AbstractProtocol.java:928)
		at org.apache.tomcat.util.net.NioEndpoint$SocketProcessor.doRun(NioEndpoint.java:1794)
		at org.apache.tomcat.util.net.SocketProcessorBase.run(SocketProcessorBase.java:52)
		at org.apache.tomcat.util.threads.ThreadPoolExecutor.runWorker(ThreadPoolExecutor.java:1191)
		at org.apache.tomcat.util.threads.ThreadPoolExecutor$Worker.run(ThreadPoolExecutor.java:659)
		at org.apache.tomcat.util.threads.TaskThread$WrappingRunnable.run(TaskThread.java:61)
		at java.base/java.lang.Thread.run(Thread.java:842)
17-Mar-2024 09:36:47.116 INFO [main] org.apache.catalina.core.ApplicationContext.log SessionListener: contextDestroyed()
17-Mar-2024 09:36:47.116 INFO [main] org.apache.catalina.core.ApplicationContext.log ContextListener: contextDestroyed()
17-Mar-2024 09:39:14.929 INFO [main] org.apache.catalina.core.ApplicationContext.log ContextListener: contextInitialized()
17-Mar-2024 09:39:14.929 INFO [main] org.apache.catalina.core.ApplicationContext.log SessionListener: contextInitialized()
17-Mar-2024 09:39:14.933 INFO [main] org.apache.catalina.core.ApplicationContext.log ContextListener: attributeAdded('StockTicker', 'async.Stockticker@5e99b9c')
17-Mar-2024 09:43:01.618 SEVERE [http-nio-8080-exec-5] org.apache.catalina.core.StandardWrapperValve.invoke Servlet.service() for servlet [jsp] in context with path [/OBBMSBS] threw exception [An exception occurred processing [/template/donar/donarBloodReq.jsp] at line [33]

30:                         </div>
31:                         <%
32:                             Donar currentDonar = (Donar) session.getAttribute("currentDonar");
33:                             String fName = currentDonar.getfName() + " " + currentDonar.getlName();
34:                             String dob = currentDonar.getDate();
35:                             String bloodgroup = currentDonar.getBloodgroup();
36:                             int id = IdProvider.getDonarId(currentDonar);


Stacktrace:] with root cause
	java.lang.NullPointerException: Cannot invoke "com.entities.Donar.getfName()" because "currentDonar" is null
		at org.apache.jsp.template.donar.donarBloodReq_jsp._jspService(donarBloodReq_jsp.java:228)
		at org.apache.jasper.runtime.HttpJspBase.service(HttpJspBase.java:70)
		at javax.servlet.http.HttpServlet.service(HttpServlet.java:623)
		at org.apache.jasper.servlet.JspServletWrapper.service(JspServletWrapper.java:466)
		at org.apache.jasper.servlet.JspServlet.serviceJspFile(JspServlet.java:379)
		at org.apache.jasper.servlet.JspServlet.service(JspServlet.java:327)
		at javax.servlet.http.HttpServlet.service(HttpServlet.java:623)
		at org.apache.catalina.core.ApplicationFilterChain.internalDoFilter(ApplicationFilterChain.java:209)
		at org.apache.catalina.core.ApplicationFilterChain.doFilter(ApplicationFilterChain.java:153)
		at org.apache.tomcat.websocket.server.WsFilter.doFilter(WsFilter.java:51)
		at org.apache.catalina.core.ApplicationFilterChain.internalDoFilter(ApplicationFilterChain.java:178)
		at org.apache.catalina.core.ApplicationFilterChain.doFilter(ApplicationFilterChain.java:153)
		at org.apache.catalina.core.StandardWrapperValve.invoke(StandardWrapperValve.java:168)
		at org.apache.catalina.core.StandardContextValve.invoke(StandardContextValve.java:90)
		at org.apache.catalina.authenticator.AuthenticatorBase.invoke(AuthenticatorBase.java:481)
		at org.apache.catalina.core.StandardHostValve.invoke(StandardHostValve.java:130)
		at org.apache.catalina.valves.ErrorReportValve.invoke(ErrorReportValve.java:93)
		at org.apache.catalina.valves.AbstractAccessLogValve.invoke(AbstractAccessLogValve.java:670)
		at org.apache.catalina.core.StandardEngineValve.invoke(StandardEngineValve.java:74)
		at org.apache.catalina.connector.CoyoteAdapter.service(CoyoteAdapter.java:342)
		at org.apache.coyote.http11.Http11Processor.service(Http11Processor.java:390)
		at org.apache.coyote.AbstractProcessorLight.process(AbstractProcessorLight.java:63)
		at org.apache.coyote.AbstractProtocol$ConnectionHandler.process(AbstractProtocol.java:928)
		at org.apache.tomcat.util.net.NioEndpoint$SocketProcessor.doRun(NioEndpoint.java:1794)
		at org.apache.tomcat.util.net.SocketProcessorBase.run(SocketProcessorBase.java:52)
		at org.apache.tomcat.util.threads.ThreadPoolExecutor.runWorker(ThreadPoolExecutor.java:1191)
		at org.apache.tomcat.util.threads.ThreadPoolExecutor$Worker.run(ThreadPoolExecutor.java:659)
		at org.apache.tomcat.util.threads.TaskThread$WrappingRunnable.run(TaskThread.java:61)
		at java.base/java.lang.Thread.run(Thread.java:842)
17-Mar-2024 09:46:37.075 SEVERE [http-nio-8080-exec-7] org.apache.catalina.core.StandardWrapperValve.invoke Servlet.service() for servlet [jsp] in context with path [/OBBMSBS] threw exception [An exception occurred processing [/template/donar/donarBloodReq.jsp] at line [33]

30:                         </div>
31:                         <%
32:                             Donar currentDonar = (Donar) session.getAttribute("currentDonar");
33:                             String fName = currentDonar.getfName() + " " + currentDonar.getlName();
34:                             String dob = currentDonar.getDate();
35:                             String bloodgroup = currentDonar.getBloodgroup();
36:                             int id = IdProvider.getDonarId(currentDonar);


Stacktrace:] with root cause
	java.lang.NullPointerException: Cannot invoke "com.entities.Donar.getfName()" because "currentDonar" is null
		at org.apache.jsp.template.donar.donarBloodReq_jsp._jspService(donarBloodReq_jsp.java:228)
		at org.apache.jasper.runtime.HttpJspBase.service(HttpJspBase.java:70)
		at javax.servlet.http.HttpServlet.service(HttpServlet.java:623)
		at org.apache.jasper.servlet.JspServletWrapper.service(JspServletWrapper.java:466)
		at org.apache.jasper.servlet.JspServlet.serviceJspFile(JspServlet.java:379)
		at org.apache.jasper.servlet.JspServlet.service(JspServlet.java:327)
		at javax.servlet.http.HttpServlet.service(HttpServlet.java:623)
		at org.apache.catalina.core.ApplicationFilterChain.internalDoFilter(ApplicationFilterChain.java:209)
		at org.apache.catalina.core.ApplicationFilterChain.doFilter(ApplicationFilterChain.java:153)
		at org.apache.tomcat.websocket.server.WsFilter.doFilter(WsFilter.java:51)
		at org.apache.catalina.core.ApplicationFilterChain.internalDoFilter(ApplicationFilterChain.java:178)
		at org.apache.catalina.core.ApplicationFilterChain.doFilter(ApplicationFilterChain.java:153)
		at org.apache.catalina.core.StandardWrapperValve.invoke(StandardWrapperValve.java:168)
		at org.apache.catalina.core.StandardContextValve.invoke(StandardContextValve.java:90)
		at org.apache.catalina.authenticator.AuthenticatorBase.invoke(AuthenticatorBase.java:481)
		at org.apache.catalina.core.StandardHostValve.invoke(StandardHostValve.java:130)
		at org.apache.catalina.valves.ErrorReportValve.invoke(ErrorReportValve.java:93)
		at org.apache.catalina.valves.AbstractAccessLogValve.invoke(AbstractAccessLogValve.java:670)
		at org.apache.catalina.core.StandardEngineValve.invoke(StandardEngineValve.java:74)
		at org.apache.catalina.connector.CoyoteAdapter.service(CoyoteAdapter.java:342)
		at org.apache.coyote.http11.Http11Processor.service(Http11Processor.java:390)
		at org.apache.coyote.AbstractProcessorLight.process(AbstractProcessorLight.java:63)
		at org.apache.coyote.AbstractProtocol$ConnectionHandler.process(AbstractProtocol.java:928)
		at org.apache.tomcat.util.net.NioEndpoint$SocketProcessor.doRun(NioEndpoint.java:1794)
		at org.apache.tomcat.util.net.SocketProcessorBase.run(SocketProcessorBase.java:52)
		at org.apache.tomcat.util.threads.ThreadPoolExecutor.runWorker(ThreadPoolExecutor.java:1191)
		at org.apache.tomcat.util.threads.ThreadPoolExecutor$Worker.run(ThreadPoolExecutor.java:659)
		at org.apache.tomcat.util.threads.TaskThread$WrappingRunnable.run(TaskThread.java:61)
		at java.base/java.lang.Thread.run(Thread.java:842)
17-Mar-2024 09:50:01.613 INFO [main] org.apache.catalina.core.ApplicationContext.log SessionListener: contextDestroyed()
17-Mar-2024 09:50:01.614 INFO [main] org.apache.catalina.core.ApplicationContext.log ContextListener: contextDestroyed()
17-Mar-2024 09:51:59.822 INFO [main] org.apache.catalina.core.ApplicationContext.log ContextListener: contextInitialized()
17-Mar-2024 09:51:59.823 INFO [main] org.apache.catalina.core.ApplicationContext.log SessionListener: contextInitialized()
17-Mar-2024 09:51:59.827 INFO [main] org.apache.catalina.core.ApplicationContext.log ContextListener: attributeAdded('StockTicker', 'async.Stockticker@5e99b9c')
17-Mar-2024 09:57:50.082 SEVERE [http-nio-8080-exec-4] org.apache.catalina.core.StandardWrapperValve.invoke Servlet.service() for servlet [jsp] in context with path [/OBBMSBS] threw exception [An exception occurred processing [/template/donar/donarBloodReq.jsp] at line [33]

30:                         </div>
31:                         <%
32:                             Donar currentDonar = (Donar) session.getAttribute("currentDonar");
33:                             String fName = currentDonar.getfName() + " " + currentDonar.getlName();
34:                             String dob = currentDonar.getDate();
35:                             String bloodgroup = currentDonar.getBloodgroup();
36:                             int id = IdProvider.getDonarId(currentDonar);


Stacktrace:] with root cause
	java.lang.NullPointerException: Cannot invoke "com.entities.Donar.getfName()" because "currentDonar" is null
		at org.apache.jsp.template.donar.donarBloodReq_jsp._jspService(donarBloodReq_jsp.java:228)
		at org.apache.jasper.runtime.HttpJspBase.service(HttpJspBase.java:70)
		at javax.servlet.http.HttpServlet.service(HttpServlet.java:623)
		at org.apache.jasper.servlet.JspServletWrapper.service(JspServletWrapper.java:466)
		at org.apache.jasper.servlet.JspServlet.serviceJspFile(JspServlet.java:379)
		at org.apache.jasper.servlet.JspServlet.service(JspServlet.java:327)
		at javax.servlet.http.HttpServlet.service(HttpServlet.java:623)
		at org.apache.catalina.core.ApplicationFilterChain.internalDoFilter(ApplicationFilterChain.java:209)
		at org.apache.catalina.core.ApplicationFilterChain.doFilter(ApplicationFilterChain.java:153)
		at org.apache.tomcat.websocket.server.WsFilter.doFilter(WsFilter.java:51)
		at org.apache.catalina.core.ApplicationFilterChain.internalDoFilter(ApplicationFilterChain.java:178)
		at org.apache.catalina.core.ApplicationFilterChain.doFilter(ApplicationFilterChain.java:153)
		at org.apache.catalina.core.StandardWrapperValve.invoke(StandardWrapperValve.java:168)
		at org.apache.catalina.core.StandardContextValve.invoke(StandardContextValve.java:90)
		at org.apache.catalina.authenticator.AuthenticatorBase.invoke(AuthenticatorBase.java:481)
		at org.apache.catalina.core.StandardHostValve.invoke(StandardHostValve.java:130)
		at org.apache.catalina.valves.ErrorReportValve.invoke(ErrorReportValve.java:93)
		at org.apache.catalina.valves.AbstractAccessLogValve.invoke(AbstractAccessLogValve.java:670)
		at org.apache.catalina.core.StandardEngineValve.invoke(StandardEngineValve.java:74)
		at org.apache.catalina.connector.CoyoteAdapter.service(CoyoteAdapter.java:342)
		at org.apache.coyote.http11.Http11Processor.service(Http11Processor.java:390)
		at org.apache.coyote.AbstractProcessorLight.process(AbstractProcessorLight.java:63)
		at org.apache.coyote.AbstractProtocol$ConnectionHandler.process(AbstractProtocol.java:928)
		at org.apache.tomcat.util.net.NioEndpoint$SocketProcessor.doRun(NioEndpoint.java:1794)
		at org.apache.tomcat.util.net.SocketProcessorBase.run(SocketProcessorBase.java:52)
		at org.apache.tomcat.util.threads.ThreadPoolExecutor.runWorker(ThreadPoolExecutor.java:1191)
		at org.apache.tomcat.util.threads.ThreadPoolExecutor$Worker.run(ThreadPoolExecutor.java:659)
		at org.apache.tomcat.util.threads.TaskThread$WrappingRunnable.run(TaskThread.java:61)
		at java.base/java.lang.Thread.run(Thread.java:842)
17-Mar-2024 09:59:40.136 INFO [main] org.apache.catalina.core.ApplicationContext.log SessionListener: contextDestroyed()
17-Mar-2024 09:59:40.137 INFO [main] org.apache.catalina.core.ApplicationContext.log ContextListener: contextDestroyed()
17-Mar-2024 10:11:34.823 INFO [main] org.apache.catalina.core.ApplicationContext.log ContextListener: contextInitialized()
17-Mar-2024 10:11:34.824 INFO [main] org.apache.catalina.core.ApplicationContext.log SessionListener: contextInitialized()
17-Mar-2024 10:11:34.829 INFO [main] org.apache.catalina.core.ApplicationContext.log ContextListener: attributeAdded('StockTicker', 'async.Stockticker@3c9c6245')
17-Mar-2024 11:26:10.296 SEVERE [http-nio-8080-exec-31] org.apache.catalina.core.StandardWrapperValve.invoke Servlet.service() for servlet [jsp] in context with path [/OBBMSBS] threw exception [An exception occurred processing [/template/patient/patientBloodReqHistory.jsp] at line [39]

36:                 <tbody>
37:                     <%
38:                         Patient currentPatient = (Patient) session.getAttribute("currentPatient");
39:                         int id = IdProvider.getPatientId(currentPatient);
40:                         String query = "select name, age, reason, bloodgroup, unit, reqdate, status from blood_request_list_tb where patient_id ='" + id + "'";
41:                         Connection con = DBClass.getConnection();
42:                         Statement smt = con.createStatement();


Stacktrace:] with root cause
	java.lang.NullPointerException: Cannot invoke "com.entities.Patient.getMobno()" because "patient" is null
		at com.helper.IdProvider.getPatientId(IdProvider.java:16)
		at org.apache.jsp.template.patient.patientBloodReqHistory_jsp._jspService(patientBloodReqHistory_jsp.java:232)
		at org.apache.jasper.runtime.HttpJspBase.service(HttpJspBase.java:70)
		at javax.servlet.http.HttpServlet.service(HttpServlet.java:623)
		at org.apache.jasper.servlet.JspServletWrapper.service(JspServletWrapper.java:466)
		at org.apache.jasper.servlet.JspServlet.serviceJspFile(JspServlet.java:379)
		at org.apache.jasper.servlet.JspServlet.service(JspServlet.java:327)
		at javax.servlet.http.HttpServlet.service(HttpServlet.java:623)
		at org.apache.catalina.core.ApplicationFilterChain.internalDoFilter(ApplicationFilterChain.java:209)
		at org.apache.catalina.core.ApplicationFilterChain.doFilter(ApplicationFilterChain.java:153)
		at org.apache.tomcat.websocket.server.WsFilter.doFilter(WsFilter.java:51)
		at org.apache.catalina.core.ApplicationFilterChain.internalDoFilter(ApplicationFilterChain.java:178)
		at org.apache.catalina.core.ApplicationFilterChain.doFilter(ApplicationFilterChain.java:153)
		at org.apache.catalina.core.StandardWrapperValve.invoke(StandardWrapperValve.java:168)
		at org.apache.catalina.core.StandardContextValve.invoke(StandardContextValve.java:90)
		at org.apache.catalina.authenticator.AuthenticatorBase.invoke(AuthenticatorBase.java:481)
		at org.apache.catalina.core.StandardHostValve.invoke(StandardHostValve.java:130)
		at org.apache.catalina.valves.ErrorReportValve.invoke(ErrorReportValve.java:93)
		at org.apache.catalina.valves.AbstractAccessLogValve.invoke(AbstractAccessLogValve.java:670)
		at org.apache.catalina.core.StandardEngineValve.invoke(StandardEngineValve.java:74)
		at org.apache.catalina.connector.CoyoteAdapter.service(CoyoteAdapter.java:342)
		at org.apache.coyote.http11.Http11Processor.service(Http11Processor.java:390)
		at org.apache.coyote.AbstractProcessorLight.process(AbstractProcessorLight.java:63)
		at org.apache.coyote.AbstractProtocol$ConnectionHandler.process(AbstractProtocol.java:928)
		at org.apache.tomcat.util.net.NioEndpoint$SocketProcessor.doRun(NioEndpoint.java:1794)
		at org.apache.tomcat.util.net.SocketProcessorBase.run(SocketProcessorBase.java:52)
		at org.apache.tomcat.util.threads.ThreadPoolExecutor.runWorker(ThreadPoolExecutor.java:1191)
		at org.apache.tomcat.util.threads.ThreadPoolExecutor$Worker.run(ThreadPoolExecutor.java:659)
		at org.apache.tomcat.util.threads.TaskThread$WrappingRunnable.run(TaskThread.java:61)
		at java.base/java.lang.Thread.run(Thread.java:842)
17-Mar-2024 11:43:37.028 INFO [main] org.apache.catalina.core.ApplicationContext.log SessionListener: contextDestroyed()
17-Mar-2024 11:43:37.028 INFO [main] org.apache.catalina.core.ApplicationContext.log ContextListener: contextDestroyed()
17-Mar-2024 17:15:45.798 INFO [main] org.apache.catalina.core.ApplicationContext.log ContextListener: contextInitialized()
17-Mar-2024 17:15:45.799 INFO [main] org.apache.catalina.core.ApplicationContext.log SessionListener: contextInitialized()
17-Mar-2024 17:15:45.804 INFO [main] org.apache.catalina.core.ApplicationContext.log ContextListener: attributeAdded('StockTicker', 'async.Stockticker@58fbd02e')
17-Mar-2024 17:26:02.546 SEVERE [http-nio-8080-exec-19] org.apache.catalina.core.StandardWrapperValve.invoke Servlet.service() for servlet [jsp] in context with path [/OBBMSBS] threw exception [An exception occurred processing [/template/admin/adminPatientList.jsp] at line [43]

40:                         while (set.next()) {
41:                             out.println("<tr>");
42:                             String fName = set.getString("fName") + " " + set.getString("lName");
43:                             out.println("<td class='text-center'>" + set.getInt("id") + "</td>");
44:                             out.println("<td class='text-center'>" + fName + "</td>");
45:                             out.println("<td class='text-center'>" + set.getString("address") + "</td>");
46:                             String dob = set.getString("dob");


Stacktrace:] with root cause
	java.sql.SQLException: Column 'id' not found.
		at com.mysql.cj.jdbc.exceptions.SQLError.createSQLException(SQLError.java:130)
		at com.mysql.cj.jdbc.exceptions.SQLError.createSQLException(SQLError.java:98)
		at com.mysql.cj.jdbc.exceptions.SQLError.createSQLException(SQLError.java:90)
		at com.mysql.cj.jdbc.exceptions.SQLError.createSQLException(SQLError.java:64)
		at com.mysql.cj.jdbc.result.ResultSetImpl.findColumn(ResultSetImpl.java:580)
		at com.mysql.cj.jdbc.result.ResultSetImpl.getInt(ResultSetImpl.java:847)
		at org.apache.jsp.template.admin.adminPatientList_jsp._jspService(adminPatientList_jsp.java:241)
		at org.apache.jasper.runtime.HttpJspBase.service(HttpJspBase.java:70)
		at javax.servlet.http.HttpServlet.service(HttpServlet.java:623)
		at org.apache.jasper.servlet.JspServletWrapper.service(JspServletWrapper.java:466)
		at org.apache.jasper.servlet.JspServlet.serviceJspFile(JspServlet.java:379)
		at org.apache.jasper.servlet.JspServlet.service(JspServlet.java:327)
		at javax.servlet.http.HttpServlet.service(HttpServlet.java:623)
		at org.apache.catalina.core.ApplicationFilterChain.internalDoFilter(ApplicationFilterChain.java:209)
		at org.apache.catalina.core.ApplicationFilterChain.doFilter(ApplicationFilterChain.java:153)
		at org.apache.tomcat.websocket.server.WsFilter.doFilter(WsFilter.java:51)
		at org.apache.catalina.core.ApplicationFilterChain.internalDoFilter(ApplicationFilterChain.java:178)
		at org.apache.catalina.core.ApplicationFilterChain.doFilter(ApplicationFilterChain.java:153)
		at org.apache.catalina.core.StandardWrapperValve.invoke(StandardWrapperValve.java:168)
		at org.apache.catalina.core.StandardContextValve.invoke(StandardContextValve.java:90)
		at org.apache.catalina.authenticator.AuthenticatorBase.invoke(AuthenticatorBase.java:481)
		at org.apache.catalina.core.StandardHostValve.invoke(StandardHostValve.java:130)
		at org.apache.catalina.valves.ErrorReportValve.invoke(ErrorReportValve.java:93)
		at org.apache.catalina.valves.AbstractAccessLogValve.invoke(AbstractAccessLogValve.java:670)
		at org.apache.catalina.core.StandardEngineValve.invoke(StandardEngineValve.java:74)
		at org.apache.catalina.connector.CoyoteAdapter.service(CoyoteAdapter.java:342)
		at org.apache.coyote.http11.Http11Processor.service(Http11Processor.java:390)
		at org.apache.coyote.AbstractProcessorLight.process(AbstractProcessorLight.java:63)
		at org.apache.coyote.AbstractProtocol$ConnectionHandler.process(AbstractProtocol.java:928)
		at org.apache.tomcat.util.net.NioEndpoint$SocketProcessor.doRun(NioEndpoint.java:1794)
		at org.apache.tomcat.util.net.SocketProcessorBase.run(SocketProcessorBase.java:52)
		at org.apache.tomcat.util.threads.ThreadPoolExecutor.runWorker(ThreadPoolExecutor.java:1191)
		at org.apache.tomcat.util.threads.ThreadPoolExecutor$Worker.run(ThreadPoolExecutor.java:659)
		at org.apache.tomcat.util.threads.TaskThread$WrappingRunnable.run(TaskThread.java:61)
		at java.base/java.lang.Thread.run(Thread.java:842)
17-Mar-2024 18:02:47.333 SEVERE [http-nio-8080-exec-12] org.apache.catalina.core.StandardWrapperValve.invoke Servlet.service() for servlet [jsp] in context with path [/OBBMSBS] threw exception [/donarLogin.jsp (line: [18], column: [9]) JSP file [navbar.html] not found] with root cause
	org.apache.jasper.JasperException: /donarLogin.jsp (line: [18], column: [9]) JSP file [navbar.html] not found
		at org.apache.jasper.compiler.DefaultErrorHandler.jspError(DefaultErrorHandler.java:41)
		at org.apache.jasper.compiler.ErrorDispatcher.dispatch(ErrorDispatcher.java:299)
		at org.apache.jasper.compiler.ErrorDispatcher.jspError(ErrorDispatcher.java:99)
		at org.apache.jasper.compiler.Parser.processIncludeDirective(Parser.java:349)
		at org.apache.jasper.compiler.Parser.parseIncludeDirective(Parser.java:384)
		at org.apache.jasper.compiler.Parser.parseDirective(Parser.java:485)
		at org.apache.jasper.compiler.Parser.parseFileDirectives(Parser.java:1802)
		at org.apache.jasper.compiler.Parser.parse(Parser.java:141)
		at org.apache.jasper.compiler.ParserController.doParse(ParserController.java:245)
		at org.apache.jasper.compiler.ParserController.parseDirectives(ParserController.java:128)
		at org.apache.jasper.compiler.Compiler.generateJava(Compiler.java:203)
		at org.apache.jasper.compiler.Compiler.compile(Compiler.java:392)
		at org.apache.jasper.compiler.Compiler.compile(Compiler.java:368)
		at org.apache.jasper.compiler.Compiler.compile(Compiler.java:352)
		at org.apache.jasper.JspCompilationContext.compile(JspCompilationContext.java:603)
		at org.apache.jasper.servlet.JspServletWrapper.service(JspServletWrapper.java:399)
		at org.apache.jasper.servlet.JspServlet.serviceJspFile(JspServlet.java:379)
		at org.apache.jasper.servlet.JspServlet.service(JspServlet.java:327)
		at javax.servlet.http.HttpServlet.service(HttpServlet.java:623)
		at org.apache.catalina.core.ApplicationFilterChain.internalDoFilter(ApplicationFilterChain.java:209)
		at org.apache.catalina.core.ApplicationFilterChain.doFilter(ApplicationFilterChain.java:153)
		at org.apache.tomcat.websocket.server.WsFilter.doFilter(WsFilter.java:51)
		at org.apache.catalina.core.ApplicationFilterChain.internalDoFilter(ApplicationFilterChain.java:178)
		at org.apache.catalina.core.ApplicationFilterChain.doFilter(ApplicationFilterChain.java:153)
		at org.apache.catalina.core.StandardWrapperValve.invoke(StandardWrapperValve.java:168)
		at org.apache.catalina.core.StandardContextValve.invoke(StandardContextValve.java:90)
		at org.apache.catalina.authenticator.AuthenticatorBase.invoke(AuthenticatorBase.java:481)
		at org.apache.catalina.core.StandardHostValve.invoke(StandardHostValve.java:130)
		at org.apache.catalina.valves.ErrorReportValve.invoke(ErrorReportValve.java:93)
		at org.apache.catalina.valves.AbstractAccessLogValve.invoke(AbstractAccessLogValve.java:670)
		at org.apache.catalina.core.StandardEngineValve.invoke(StandardEngineValve.java:74)
		at org.apache.catalina.connector.CoyoteAdapter.service(CoyoteAdapter.java:342)
		at org.apache.coyote.http11.Http11Processor.service(Http11Processor.java:390)
		at org.apache.coyote.AbstractProcessorLight.process(AbstractProcessorLight.java:63)
		at org.apache.coyote.AbstractProtocol$ConnectionHandler.process(AbstractProtocol.java:928)
		at org.apache.tomcat.util.net.NioEndpoint$SocketProcessor.doRun(NioEndpoint.java:1794)
		at org.apache.tomcat.util.net.SocketProcessorBase.run(SocketProcessorBase.java:52)
		at org.apache.tomcat.util.threads.ThreadPoolExecutor.runWorker(ThreadPoolExecutor.java:1191)
		at org.apache.tomcat.util.threads.ThreadPoolExecutor$Worker.run(ThreadPoolExecutor.java:659)
		at org.apache.tomcat.util.threads.TaskThread$WrappingRunnable.run(TaskThread.java:61)
		at java.base/java.lang.Thread.run(Thread.java:842)
17-Mar-2024 18:18:06.362 INFO [main] org.apache.catalina.core.ApplicationContext.log SessionListener: contextDestroyed()
17-Mar-2024 18:18:06.362 INFO [main] org.apache.catalina.core.ApplicationContext.log ContextListener: contextDestroyed()
