15-Feb-2024 20:26:47.802 INFO [http-nio-8080-exec-4] org.apache.catalina.core.ApplicationContext.log Manager: init: Associated with Deployer 'Catalina:type=Deployer,host=localhost'
15-Feb-2024 20:26:47.802 INFO [http-nio-8080-exec-4] org.apache.catalina.core.ApplicationContext.log Manager: init: Global resources are available
15-Feb-2024 20:26:47.896 INFO [http-nio-8080-exec-7] org.apache.catalina.core.ApplicationContext.log Manager: list: Listing contexts for virtual host 'localhost'
15-Feb-2024 20:26:47.902 INFO [http-nio-8080-exec-8] org.apache.catalina.core.ApplicationContext.log Manager: list: Listing contexts for virtual host 'localhost'
15-Feb-2024 20:26:48.022 INFO [http-nio-8080-exec-10] org.apache.catalina.core.ApplicationContext.log Manager: undeploy: Undeploying web application at '/OBBMS1'
15-Feb-2024 20:26:48.560 INFO [http-nio-8080-exec-7] org.apache.catalina.core.ApplicationContext.log Manager: install: Installing context configuration at 'file:/C:/Users/Admin/AppData/Local/Temp/context13504101677950721005.xml'
15-Feb-2024 20:28:00.269 INFO [http-nio-8080-exec-7] org.apache.catalina.core.ApplicationContext.log Manager: list: Listing contexts for virtual host 'localhost'
15-Feb-2024 20:28:00.358 INFO [http-nio-8080-exec-17] org.apache.catalina.core.ApplicationContext.log Manager: list: Listing contexts for virtual host 'localhost'
15-Feb-2024 20:32:44.659 INFO [http-nio-8080-exec-20] org.apache.catalina.core.ApplicationContext.log Manager: list: Listing contexts for virtual host 'localhost'
15-Feb-2024 20:38:31.274 INFO [http-nio-8080-exec-13] org.apache.catalina.core.ApplicationContext.log Manager: list: Listing contexts for virtual host 'localhost'
15-Feb-2024 20:38:31.886 INFO [http-nio-8080-exec-20] org.apache.catalina.core.ApplicationContext.log Manager: list: Listing contexts for virtual host 'localhost'
15-Feb-2024 20:38:39.728 INFO [http-nio-8080-exec-17] org.apache.catalina.core.ApplicationContext.log Manager: list: Listing contexts for virtual host 'localhost'
15-Feb-2024 20:39:16.033 INFO [http-nio-8080-exec-14] org.apache.catalina.core.ApplicationContext.log Manager: list: Listing contexts for virtual host 'localhost'
15-Feb-2024 20:39:24.798 INFO [http-nio-8080-exec-20] org.apache.catalina.core.ApplicationContext.log Manager: list: Listing contexts for virtual host 'localhost'
15-Feb-2024 20:40:07.188 INFO [http-nio-8080-exec-13] org.apache.catalina.core.ApplicationContext.log Manager: list: Listing contexts for virtual host 'localhost'
15-Feb-2024 20:40:27.250 INFO [http-nio-8080-exec-11] org.apache.catalina.core.ApplicationContext.log Manager: list: Listing contexts for virtual host 'localhost'
15-Feb-2024 20:40:46.566 INFO [http-nio-8080-exec-15] org.apache.catalina.core.ApplicationContext.log Manager: list: Listing contexts for virtual host 'localhost'
15-Feb-2024 20:40:58.074 INFO [http-nio-8080-exec-14] org.apache.catalina.core.ApplicationContext.log Manager: list: Listing contexts for virtual host 'localhost'
15-Feb-2024 20:41:04.567 INFO [http-nio-8080-exec-18] org.apache.catalina.core.ApplicationContext.log Manager: list: Listing contexts for virtual host 'localhost'
15-Feb-2024 20:42:02.614 INFO [http-nio-8080-exec-14] org.apache.catalina.core.ApplicationContext.log Manager: list: Listing contexts for virtual host 'localhost'
15-Feb-2024 20:43:05.365 INFO [http-nio-8080-exec-11] org.apache.catalina.core.ApplicationContext.log Manager: list: Listing contexts for virtual host 'localhost'
15-Feb-2024 20:44:09.287 INFO [http-nio-8080-exec-15] org.apache.catalina.core.ApplicationContext.log Manager: list: Listing contexts for virtual host 'localhost'
15-Feb-2024 20:44:34.024 INFO [http-nio-8080-exec-13] org.apache.catalina.core.ApplicationContext.log Manager: list: Listing contexts for virtual host 'localhost'
15-Feb-2024 20:45:21.351 INFO [http-nio-8080-exec-13] org.apache.catalina.core.ApplicationContext.log Manager: list: Listing contexts for virtual host 'localhost'
15-Feb-2024 20:45:33.036 INFO [http-nio-8080-exec-20] org.apache.catalina.core.ApplicationContext.log Manager: list: Listing contexts for virtual host 'localhost'
15-Feb-2024 20:46:40.055 INFO [http-nio-8080-exec-14] org.apache.catalina.core.ApplicationContext.log Manager: list: Listing contexts for virtual host 'localhost'
15-Feb-2024 20:51:43.534 INFO [http-nio-8080-exec-20] org.apache.catalina.core.ApplicationContext.log Manager: list: Listing contexts for virtual host 'localhost'
15-Feb-2024 20:52:21.343 INFO [http-nio-8080-exec-11] org.apache.catalina.core.ApplicationContext.log Manager: list: Listing contexts for virtual host 'localhost'
15-Feb-2024 20:52:36.776 INFO [http-nio-8080-exec-18] org.apache.catalina.core.ApplicationContext.log Manager: list: Listing contexts for virtual host 'localhost'
15-Feb-2024 20:52:44.386 INFO [http-nio-8080-exec-17] org.apache.catalina.core.ApplicationContext.log Manager: list: Listing contexts for virtual host 'localhost'
15-Feb-2024 20:52:51.137 INFO [http-nio-8080-exec-14] org.apache.catalina.core.ApplicationContext.log Manager: list: Listing contexts for virtual host 'localhost'
15-Feb-2024 20:53:20.869 INFO [http-nio-8080-exec-19] org.apache.catalina.core.ApplicationContext.log Manager: list: Listing contexts for virtual host 'localhost'
15-Feb-2024 20:53:27.396 INFO [http-nio-8080-exec-18] org.apache.catalina.core.ApplicationContext.log Manager: list: Listing contexts for virtual host 'localhost'
15-Feb-2024 20:53:35.240 INFO [http-nio-8080-exec-14] org.apache.catalina.core.ApplicationContext.log Manager: list: Listing contexts for virtual host 'localhost'
15-Feb-2024 20:53:55.586 INFO [http-nio-8080-exec-18] org.apache.catalina.core.ApplicationContext.log Manager: list: Listing contexts for virtual host 'localhost'
15-Feb-2024 20:54:11.816 INFO [http-nio-8080-exec-14] org.apache.catalina.core.ApplicationContext.log Manager: list: Listing contexts for virtual host 'localhost'
15-Feb-2024 20:54:26.678 INFO [http-nio-8080-exec-11] org.apache.catalina.core.ApplicationContext.log Manager: list: Listing contexts for virtual host 'localhost'
15-Feb-2024 20:55:06.548 INFO [http-nio-8080-exec-19] org.apache.catalina.core.ApplicationContext.log Manager: list: Listing contexts for virtual host 'localhost'
15-Feb-2024 20:55:52.044 INFO [http-nio-8080-exec-12] org.apache.catalina.core.ApplicationContext.log Manager: list: Listing contexts for virtual host 'localhost'
15-Feb-2024 20:56:21.508 INFO [http-nio-8080-exec-19] org.apache.catalina.core.ApplicationContext.log Manager: list: Listing contexts for virtual host 'localhost'
15-Feb-2024 20:57:04.129 INFO [http-nio-8080-exec-20] org.apache.catalina.core.ApplicationContext.log Manager: list: Listing contexts for virtual host 'localhost'
15-Feb-2024 20:57:13.964 INFO [http-nio-8080-exec-14] org.apache.catalina.core.ApplicationContext.log Manager: list: Listing contexts for virtual host 'localhost'
15-Feb-2024 20:57:16.614 INFO [http-nio-8080-exec-15] org.apache.catalina.core.ApplicationContext.log Manager: list: Listing contexts for virtual host 'localhost'
15-Feb-2024 20:57:32.030 INFO [http-nio-8080-exec-18] org.apache.catalina.core.ApplicationContext.log Manager: list: Listing contexts for virtual host 'localhost'
15-Feb-2024 20:58:56.351 INFO [http-nio-8080-exec-17] org.apache.catalina.core.ApplicationContext.log Manager: list: Listing contexts for virtual host 'localhost'
15-Feb-2024 20:59:09.972 INFO [http-nio-8080-exec-20] org.apache.catalina.core.ApplicationContext.log Manager: list: Listing contexts for virtual host 'localhost'
15-Feb-2024 20:59:24.305 INFO [http-nio-8080-exec-14] org.apache.catalina.core.ApplicationContext.log Manager: list: Listing contexts for virtual host 'localhost'
15-Feb-2024 20:59:37.043 INFO [http-nio-8080-exec-15] org.apache.catalina.core.ApplicationContext.log Manager: list: Listing contexts for virtual host 'localhost'
15-Feb-2024 20:59:53.277 INFO [http-nio-8080-exec-16] org.apache.catalina.core.ApplicationContext.log Manager: list: Listing contexts for virtual host 'localhost'
15-Feb-2024 20:59:56.278 INFO [http-nio-8080-exec-18] org.apache.catalina.core.ApplicationContext.log Manager: list: Listing contexts for virtual host 'localhost'
15-Feb-2024 21:00:00.094 INFO [http-nio-8080-exec-12] org.apache.catalina.core.ApplicationContext.log Manager: list: Listing contexts for virtual host 'localhost'
15-Feb-2024 21:00:02.443 INFO [http-nio-8080-exec-20] org.apache.catalina.core.ApplicationContext.log Manager: list: Listing contexts for virtual host 'localhost'
15-Feb-2024 21:00:22.269 INFO [http-nio-8080-exec-12] org.apache.catalina.core.ApplicationContext.log Manager: list: Listing contexts for virtual host 'localhost'
15-Feb-2024 21:00:35.378 INFO [http-nio-8080-exec-17] org.apache.catalina.core.ApplicationContext.log Manager: list: Listing contexts for virtual host 'localhost'
15-Feb-2024 21:01:28.940 INFO [http-nio-8080-exec-11] org.apache.catalina.core.ApplicationContext.log Manager: list: Listing contexts for virtual host 'localhost'
15-Feb-2024 21:02:04.486 INFO [http-nio-8080-exec-18] org.apache.catalina.core.ApplicationContext.log Manager: list: Listing contexts for virtual host 'localhost'
15-Feb-2024 21:03:53.515 INFO [http-nio-8080-exec-19] org.apache.catalina.core.ApplicationContext.log Manager: list: Listing contexts for virtual host 'localhost'
15-Feb-2024 21:04:08.490 INFO [http-nio-8080-exec-19] org.apache.catalina.core.ApplicationContext.log Manager: list: Listing contexts for virtual host 'localhost'
15-Feb-2024 21:04:17.815 INFO [http-nio-8080-exec-11] org.apache.catalina.core.ApplicationContext.log Manager: list: Listing contexts for virtual host 'localhost'
15-Feb-2024 21:05:24.671 INFO [http-nio-8080-exec-11] org.apache.catalina.core.ApplicationContext.log Manager: list: Listing contexts for virtual host 'localhost'
15-Feb-2024 21:05:49.133 INFO [http-nio-8080-exec-11] org.apache.catalina.core.ApplicationContext.log Manager: list: Listing contexts for virtual host 'localhost'
15-Feb-2024 21:06:25.783 INFO [http-nio-8080-exec-11] org.apache.catalina.core.ApplicationContext.log Manager: list: Listing contexts for virtual host 'localhost'
15-Feb-2024 21:07:05.020 INFO [http-nio-8080-exec-13] org.apache.catalina.core.ApplicationContext.log Manager: list: Listing contexts for virtual host 'localhost'
15-Feb-2024 21:07:10.250 INFO [http-nio-8080-exec-19] org.apache.catalina.core.ApplicationContext.log Manager: list: Listing contexts for virtual host 'localhost'
15-Feb-2024 21:07:11.640 INFO [http-nio-8080-exec-17] org.apache.catalina.core.ApplicationContext.log Manager: list: Listing contexts for virtual host 'localhost'
15-Feb-2024 21:09:01.446 INFO [http-nio-8080-exec-14] org.apache.catalina.core.ApplicationContext.log Manager: list: Listing contexts for virtual host 'localhost'
15-Feb-2024 21:09:57.181 INFO [http-nio-8080-exec-11] org.apache.catalina.core.ApplicationContext.log Manager: list: Listing contexts for virtual host 'localhost'
15-Feb-2024 21:10:18.815 INFO [http-nio-8080-exec-16] org.apache.catalina.core.ApplicationContext.log Manager: list: Listing contexts for virtual host 'localhost'
15-Feb-2024 21:10:24.209 INFO [http-nio-8080-exec-18] org.apache.catalina.core.ApplicationContext.log Manager: list: Listing contexts for virtual host 'localhost'
15-Feb-2024 21:10:35.484 INFO [http-nio-8080-exec-16] org.apache.catalina.core.ApplicationContext.log Manager: list: Listing contexts for virtual host 'localhost'
15-Feb-2024 21:11:08.691 INFO [http-nio-8080-exec-20] org.apache.catalina.core.ApplicationContext.log Manager: list: Listing contexts for virtual host 'localhost'
15-Feb-2024 21:11:40.196 INFO [http-nio-8080-exec-13] org.apache.catalina.core.ApplicationContext.log Manager: list: Listing contexts for virtual host 'localhost'
15-Feb-2024 21:11:43.448 INFO [http-nio-8080-exec-11] org.apache.catalina.core.ApplicationContext.log Manager: list: Listing contexts for virtual host 'localhost'
